Naonedbus/proguard.cfg
-optimizationpasses 10
-dontusemixedcaseclassnames
-dontskipnonpubliclibraryclasses
-dontpreverify
-dontoptimize
-dontobfuscate
-verbose
-optimizations !code/simplification/arithmetic,!field/*,!class/merging/*
-dontwarn
-dontnote

-keep public class com.ocpsoft.pretty.time.**
-keep public class greendroid.**
-keep public class net.naonedbus.**
-keep public class fr.ybo.**
-keepclassmembers public class net.naonedbus.**  { public *;}
-keepclassmembers public class fr.ybo.**  { public *;}

-keep public class * extends android.app.Activity
-keep public class * extends android.app.Application
-keep public class * extends android.app.Service
-keep public class * extends android.content.BroadcastReceiver
-keep public class * extends android.content.ContentProvider
-keep public class com.android.vending.licensing.ILicensingService


-keepclasseswithmembers class * {
    native <methods>;
}

-keepclasseswithmembers class * {
    public <init>(android.content.Context, android.util.AttributeSet);
}

-keepclasseswithmembers class * {
    public <init>(android.content.Context, android.util.AttributeSet, int);
}

-keepclassmembers enum * {
    public static **[] values();
    public static ** valueOf(java.lang.String);
}

-keep class * implements android.os.Parcelable {
  public static final android.os.Parcelable$Creator *;
}

-keepclassmembers class **.R$* {
    public static <fields>;
}