Naonedbus/proguard/seeds.txt
net.naonedbus.BuildConfig
net.naonedbus.BuildConfig: boolean DEBUG
net.naonedbus.BuildConfig: BuildConfig()
net.naonedbus.NBApplication
net.naonedbus.NBApplication: java.lang.String LOG_TAG
net.naonedbus.NBApplication: int[] THEMES_RES
net.naonedbus.NBApplication: int THEME
net.naonedbus.NBApplication: java.lang.String PREF_THEME
net.naonedbus.NBApplication: java.lang.String PREF_PARKINGS_SORT
net.naonedbus.NBApplication: java.lang.String PREF_FAVORIS_SORT
net.naonedbus.NBApplication: java.lang.String PREF_FAVORIS_IMPORT
net.naonedbus.NBApplication: java.lang.String PREF_FAVORIS_EXPORT
net.naonedbus.NBApplication: java.lang.String PREF_CALENDRIER_DEFAUT
net.naonedbus.NBApplication: java.lang.String PREF_MAP_SATELLITE
net.naonedbus.NBApplication: NBApplication()
net.naonedbus.NBApplication: void onCreate()
net.naonedbus.NBApplication: net.naonedbus.provider.impl.MyLocationProvider getLocationProvider()
net.naonedbus.R
net.naonedbus.R: R()
net.naonedbus.R$array
net.naonedbus.R$array: int default_smiley_names
net.naonedbus.R$array: int default_smiley_texts
net.naonedbus.R$array: int delais
net.naonedbus.R$array: int themeOptions
net.naonedbus.R$array: int themeValues
net.naonedbus.R$array: R$array()
net.naonedbus.R$attr
net.naonedbus.R$attr: int aboveTouchMode
net.naonedbus.R$attr: int absForceOverflow
net.naonedbus.R$attr: int actionBarDivider
net.naonedbus.R$attr: int actionBarItemBackground
net.naonedbus.R$attr: int actionBarSize
net.naonedbus.R$attr: int actionBarSplitStyle
net.naonedbus.R$attr: int actionBarStyle
net.naonedbus.R$attr: int actionBarTabBarStyle
net.naonedbus.R$attr: int actionBarTabStyle
net.naonedbus.R$attr: int actionBarTabTextStyle
net.naonedbus.R$attr: int actionBarWidgetTheme
net.naonedbus.R$attr: int actionButtonStyle
net.naonedbus.R$attr: int actionDropDownStyle
net.naonedbus.R$attr: int actionMenuTextAppearance
net.naonedbus.R$attr: int actionMenuTextColor
net.naonedbus.R$attr: int actionModeBackground
net.naonedbus.R$attr: int actionModeCloseButtonStyle
net.naonedbus.R$attr: int actionModeCloseDrawable
net.naonedbus.R$attr: int actionModePopupWindowStyle
net.naonedbus.R$attr: int actionModeShareDrawable
net.naonedbus.R$attr: int actionModeSplitBackground
net.naonedbus.R$attr: int actionModeStyle
net.naonedbus.R$attr: int actionOverflowButtonStyle
net.naonedbus.R$attr: int actionSpinnerItemStyle
net.naonedbus.R$attr: int activatedBackgroundIndicator
net.naonedbus.R$attr: int activityBackground
net.naonedbus.R$attr: int activityChooserViewStyle
net.naonedbus.R$attr: int background
net.naonedbus.R$attr: int backgroundSplit
net.naonedbus.R$attr: int backgroundStacked
net.naonedbus.R$attr: int behindFadeDegree
net.naonedbus.R$bool
net.naonedbus.R$bool: int abs__action_bar_embed_tabs
net.naonedbus.R$bool: int abs__action_bar_expanded_action_views_exclusive
net.naonedbus.R$bool: int abs__config_actionMenuItemAllCaps
net.naonedbus.R$bool: int abs__config_allowActionMenuItemTextWithIcon
net.naonedbus.R$bool: int abs__config_showMenuShortcutsWhenKeyboardPresent
net.naonedbus.R$bool: int abs__split_action_bar_is_narrow
net.naonedbus.R$bool: R$bool()
...
com.actionbarsherlock.app.SherlockActivity
com.actionbarsherlock.app.SherlockExpandableListActivity
com.actionbarsherlock.app.SherlockFragmentActivity
com.actionbarsherlock.app.SherlockFragmentActivity: SherlockFragmentActivity()
com.actionbarsherlock.app.SherlockFragmentActivity: com.actionbarsherlock.app.ActionBar getSupportActionBar()
com.actionbarsherlock.app.SherlockFragmentActivity: com.actionbarsherlock.view.ActionMode startActionMode(com.actionbarsherlock.view.ActionMode$Callback)
com.actionbarsherlock.app.SherlockFragmentActivity: void onActionModeStarted(com.actionbarsherlock.view.ActionMode)
com.actionbarsherlock.app.SherlockFragmentActivity: void onActionModeFinished(com.actionbarsherlock.view.ActionMode)
com.actionbarsherlock.app.SherlockFragmentActivity: void onConfigurationChanged(android.content.res.Configuration)
com.actionbarsherlock.app.SherlockFragmentActivity: boolean onMenuOpened(int,android.view.Menu)
com.actionbarsherlock.app.SherlockFragmentActivity: void onPanelClosed(int,android.view.Menu)
com.actionbarsherlock.app.SherlockFragmentActivity: boolean dispatchKeyEvent(android.view.KeyEvent)
com.actionbarsherlock.app.SherlockFragmentActivity: com.actionbarsherlock.view.MenuInflater getSupportMenuInflater()
com.actionbarsherlock.app.SherlockFragmentActivity: void invalidateOptionsMenu()
com.actionbarsherlock.app.SherlockFragmentActivity: void supportInvalidateOptionsMenu()
com.actionbarsherlock.app.SherlockFragmentActivity: boolean onCreatePanelMenu(int,android.view.Menu)
com.actionbarsherlock.app.SherlockListActivity
com.actionbarsherlock.app.SherlockListFragment: SherlockListFragment()
com.actionbarsherlock.app.SherlockListFragment: com.actionbarsherlock.app.SherlockFragmentActivity getSherlockActivity()
com.actionbarsherlock.app.SherlockListFragment: void onAttach(android.app.Activity)
com.actionbarsherlock.app.SherlockListFragment: void onDetach()
com.actionbarsherlock.app.SherlockListFragment: void onCreateOptionsMenu(android.view.Menu,android.view.MenuInflater)
com.actionbarsherlock.app.SherlockListFragment: void onCreateOptionsMenu(com.actionbarsherlock.view.Menu,com.actionbarsherlock.view.MenuInflater)
com.actionbarsherlock.app.SherlockListFragment: void onPrepareOptionsMenu(android.view.Menu)
com.actionbarsherlock.app.SherlockListFragment: void onPrepareOptionsMenu(com.actionbarsherlock.view.Menu)
com.actionbarsherlock.app.SherlockListFragment: boolean onOptionsItemSelected(android.view.MenuItem)
com.actionbarsherlock.app.SherlockListFragment: boolean onOptionsItemSelected(com.actionbarsherlock.view.MenuItem)