Naonedbus/proguard/usage.txt
net.naonedbus.activity.impl.AboutActivity:
    private static final int MENU_COMPOSE
    private static final int MENU_RATE
net.naonedbus.activity.impl.MapActivity:
    private static final int ACTION_LAYERS
    private static final int ACTION_CENTER_MAP
    private static final int ACTION_SEARCH
    private static final java.lang.String PREF_MAP_LAYER
net.naonedbus.activity.impl.ParkingDetailActivity:
    protected static final java.lang.String NAVIGATION_INTENT
    protected static final java.lang.String SMS_NAVIGATION_URL
    private static final int ACTION_NAVIGATION
    private static final int ACTION_SHARE
    private static final int ACTION_CALL
    204:212:private void startNavigation(net.naonedbus.bean.parking.Parking)
    218:222:private void shareComment(net.naonedbus.bean.parking.Parking)
    231:235:private java.lang.String getParkingInformation(net.naonedbus.bean.parking.Parking)
net.naonedbus.activity.impl.ParkingDetailAdapter:
    public abstract java.lang.String getParkingInformation(android.content.Context,net.naonedbus.bean.parking.Parking)
net.naonedbus.activity.impl.ParkingPublicDetailAdapter:
    319:342:public java.lang.String getParkingInformation(android.content.Context,net.naonedbus.bean.parking.Parking)
net.naonedbus.activity.impl.ParkingRelaiDetailAdapter:
    359:374:public java.lang.String getParkingInformation(android.content.Context,net.naonedbus.bean.parking.Parking)
net.naonedbus.activity.map.layerloader.impl.StationMapLayer:
    private static final int MAX_STATIONS
net.naonedbus.bean.Commentaire:
    private static final long serialVersionUID
net.naonedbus.bean.InfoTrafic:
    private static final long serialVersionUID
net.naonedbus.bean.parking.pub.ParkingPublic:
    private static final long serialVersionUID
net.naonedbus.bean.parking.relai.ParkingRelai:
    private static final long serialVersionUID
net.naonedbus.fragment.CustomListFragment:
    private static final int LOADER_INIT
    private static final int LOADER_REFRESH
    private static final java.lang.String STATE_POSITION
    private static final java.lang.String STATE_TOP
    211:212:protected void showError(java.lang.String,java.lang.String)
    267:268:protected void setTimeToLive(int)
    283:286:protected boolean isNotUpToDate()
net.naonedbus.fragment.EquipementFragment:
    private static final int SORT
    private static final int SORT_NOM
    private static final int SORT_DISTANCE
    299:300:protected void addComparator(int,java.util.Comparator)
    309:310:protected void addIndexer(int,net.naonedbus.widget.indexer.CustomSectionIndexer)
net.naonedbus.fragment.impl.ParkingsPublicsFragment:
    private static final int SORT
    private static final int SORT_NOM
    private static final int SORT_DISTANCE
    private static final int SORT_PLACES
net.naonedbus.fragment.impl.VersionsFragment:
    private static final java.lang.String ENCODING
net.naonedbus.graphics.drawable.MapPinDrawable:
    private static final int COLOR_MODE_UNKNOWN
    private static final int COLOR_MODE_COLOR
    private static final int COLOR_MODE_COLOR_STATE_LIST
net.naonedbus.helper.BulkLoaderHelper:
    private static final java.lang.String COMMENT_TOKEN
    private static final char CHAR_PARAM_SPLIT
net.naonedbus.helper.BulkLoaderHelper$BulkQuery:
    private static final char paramChar
net.naonedbus.helper.CompressedQueriesHelper:
    private static final java.lang.String FILE_QUERIES
net.naonedbus.helper.DateTimeFormatHelper:
    private static final java.lang.String ARROW
net.naonedbus.manager.impl.ParkingPublicManager:
    private static final int CACHE_LIMITE_MINUTES
net.naonedbus.provider.CustomContentProvider:
    protected static final java.lang.String AUTHORITY
    70:70:protected android.database.sqlite.SQLiteDatabase getWritableDatabase()
net.naonedbus.provider.CustomContentProvider$CoreDatabase:
    private static final int DB_VERSION
    private static final java.lang.String DB_NAME
...
android.support.v4.view.accessibility.AccessibilityNodeInfoCompat:
    public static final int ACTION_FOCUS
    public static final int ACTION_CLEAR_FOCUS
    public static final int ACTION_SELECT
    public static final int ACTION_CLEAR_SELECTION
    public static final int ACTION_CLICK
    public static final int ACTION_LONG_CLICK
    public static final int ACTION_ACCESSIBILITY_FOCUS
    public static final int ACTION_CLEAR_ACCESSIBILITY_FOCUS
    public static final int ACTION_NEXT_AT_MOVEMENT_GRANULARITY
    public static final int ACTION_PREVIOUS_AT_MOVEMENT_GRANULARITY
    public static final int ACTION_NEXT_HTML_ELEMENT
    public static final int ACTION_PREVIOUS_HTML_ELEMENT
    public static final int ACTION_SCROLL_FORWARD
    public static final int ACTION_SCROLL_BACKWARD
    public static final java.lang.String ACTION_ARGUMENT_MOVEMENT_GRANULARITY_INT
    public static final java.lang.String ACTION_ARGUMENT_HTML_ELEMENT_STRING
    public static final int FOCUS_INPUT
    public static final int FOCUS_ACCESSIBILITY
    public static final int MOVEMENT_GRANULARITY_CHARACTER
    public static final int MOVEMENT_GRANULARITY_WORD
    public static final int MOVEMENT_GRANULARITY_LINE
    public static final int MOVEMENT_GRANULARITY_PARAGRAPH
    public static final int MOVEMENT_GRANULARITY_PAGE
    918:921:static android.support.v4.view.accessibility.AccessibilityNodeInfoCompat wrapNonNullInstance(java.lang.Object)
android.support.v4.view.accessibility.AccessibilityNodeInfoCompat$AccessibilityNodeInfoIcsImpl:
    402:402:public java.lang.Object obtain()
    407:407:public java.lang.Object obtain(android.view.View)
    412:412:public java.lang.Object obtain(java.lang.Object)
    422:423:public void addChild(java.lang.Object,android.view.View)
    427:427:public java.util.List findAccessibilityNodeInfosByText(java.lang.Object,java.lang.String)
    432:432:public int getActions(java.lang.Object)
    437:438:public void getBoundsInParent(java.lang.Object,android.graphics.Rect)
    442:443:public void getBoundsInScreen(java.lang.Object,android.graphics.Rect)
    447:447:public java.lang.Object getChild(java.lang.Object,int)
    452:452:public int getChildCount(java.lang.Object)
    457:457:public java.lang.CharSequence getClassName(java.lang.Object)
    462:462:public java.lang.CharSequence getContentDescription(java.lang.Object)
    467:467:public java.lang.CharSequence getPackageName(java.lang.Object)
    472:472:public java.lang.Object getParent(java.lang.Object)
    477:477:public java.lang.CharSequence getText(java.lang.Object)
    482:482:public int getWindowId(java.lang.Object)
    487:487:public boolean isCheckable(java.lang.Object)
    492:492:public boolean isChecked(java.lang.Object)
    497:497:public boolean isClickable(java.lang.Object)
    502:502:public boolean isEnabled(java.lang.Object)
    507:507:public boolean isFocusable(java.lang.Object)